<?xml version="1.0" encoding="UTF-8"?>
<!-- Generated by org.testng.reporters.JUnitReportReporter -->
<testsuite hostname="DELL-PC" name="com.erp.projects.scripts.CreateProject" tests="1" failures="0" timestamp="7 Apr 2020 08:41:34 GMT" time="8.059" errors="0">
  <testcase name="testCreateProject" time="8.059" classname="com.erp.projects.scripts.CreateProject"/>
</testsuite> <!-- com.erp.projects.scripts.CreateProject -->
