<?xml version="1.0" encoding="UTF-8"?>
<!-- Generated by org.testng.reporters.JUnitReportReporter -->
<testsuite hostname="DELL-PC" name="com.erp.customer_scripts.CreateCustomer" tests="1" failures="0" timestamp="7 Apr 2020 08:41:34 GMT" time="9.474" errors="0">
  <testcase name="testCreateCustomer" time="9.474" classname="com.erp.customer_scripts.CreateCustomer"/>
</testsuite> <!-- com.erp.customer_scripts.CreateCustomer -->
