<?xml version="1.0" encoding="UTF-8"?>
<!-- Generated by org.testng.reporters.JUnitReportReporter -->
<testsuite skipped="0" hostname="DELL-PC" name="com.erp.customer_scripts.CreateCustomer" tests="1" failures="0" timestamp="2020-04-07T19:27:26 IST" time="20.931" errors="0">
  <testcase name="testCreateCustomer" time="20.931" classname="com.erp.customer_scripts.CreateCustomer"/>
  <system-out/>
</testsuite> <!-- com.erp.customer_scripts.CreateCustomer -->
