<?xml version="1.0" encoding="UTF-8"?>
<!-- Generated by org.testng.reporters.JUnitReportReporter -->
<testsuite skipped="0" hostname="DELL-PC" name="com.erp.projects.scripts.CreateProject" tests="1" failures="0" timestamp="2020-04-07T19:27:26 IST" time="10.454" errors="0">
  <testcase name="testCreateProject" time="10.454" classname="com.erp.projects.scripts.CreateProject"/>
  <system-out/>
</testsuite> <!-- com.erp.projects.scripts.CreateProject -->
